Traceback (most recent call last):
  File "/home/dkeathley/anaconda3/lib/python3.8/site-packages/jupyter_cache/executors/utils.py", line 51, in single_nb_execution
    executenb(
  File "/home/dkeathley/anaconda3/lib/python3.8/site-packages/nbclient/client.py", line 1204, in execute
    return NotebookClient(nb=nb, resources=resources, km=km, **kwargs).execute()
  File "/home/dkeathley/anaconda3/lib/python3.8/site-packages/nbclient/util.py", line 84, in wrapped
    return just_run(coro(*args, **kwargs))
  File "/home/dkeathley/anaconda3/lib/python3.8/site-packages/nbclient/util.py", line 62, in just_run
    return loop.run_until_complete(coro)
  File "/home/dkeathley/anaconda3/lib/python3.8/asyncio/base_events.py", line 616, in run_until_complete
    return future.result()
  File "/home/dkeathley/anaconda3/lib/python3.8/site-packages/nbclient/client.py", line 663, in async_execute
    await self.async_execute_cell(
  File "/home/dkeathley/anaconda3/lib/python3.8/site-packages/nbclient/client.py", line 965, in async_execute_cell
    await self._check_raise_for_error(cell, cell_index, exec_reply)
  File "/home/dkeathley/anaconda3/lib/python3.8/site-packages/nbclient/client.py", line 862, in _check_raise_for_error
    raise CellExecutionError.from_cell_and_msg(cell, exec_reply_content)
nbclient.exceptions.CellExecutionError: An error occurred while executing the following cell:
------------------
#Retrieve values after setting pulse above
wc, fwhm, t_ax, A, E = pulse_set.result

#Take the FT of the envelope
A_f = np.fft.fft(A)

#Define the frequency axis
dt = t_ax[1] - t_ax[0]
w = 2*np.pi*np.fft.fftfreq(E.size, dt)

z = np.linspace(0, 100.0, 1000)
beta2 = -40.0 #negative GDD for soliton formation
beta3 = 0.0 #TOD -- set to 0.0 for now
gamma = 0.07 #Should be balanced with gamma
A_out, A_out_f = split_step(A, z, w/2/np.pi, dt, beta2, beta3, gamma)
------------------

[0;31m---------------------------------------------------------------------------[0m
[0;31mKeyboardInterrupt[0m                         Traceback (most recent call last)
[0;32m/tmp/ipykernel_3457284/3832146725.py[0m in [0;36m<module>[0;34m[0m
[1;32m     13[0m [0mbeta3[0m [0;34m=[0m [0;36m0.0[0m [0;31m#TOD -- set to 0.0 for now[0m[0;34m[0m[0;34m[0m[0m
[1;32m     14[0m [0mgamma[0m [0;34m=[0m [0;36m0.07[0m [0;31m#Should be balanced with gamma[0m[0;34m[0m[0;34m[0m[0m
[0;32m---> 15[0;31m [0mA_out[0m[0;34m,[0m [0mA_out_f[0m [0;34m=[0m [0msplit_step[0m[0;34m([0m[0mA[0m[0;34m,[0m [0mz[0m[0;34m,[0m [0mw[0m[0;34m/[0m[0;36m2[0m[0;34m/[0m[0mnp[0m[0;34m.[0m[0mpi[0m[0;34m,[0m [0mdt[0m[0;34m,[0m [0mbeta2[0m[0;34m,[0m [0mbeta3[0m[0;34m,[0m [0mgamma[0m[0;34m)[0m[0;34m[0m[0;34m[0m[0m
[0m
[0;32m/tmp/ipykernel_3457284/1843473841.py[0m in [0;36msplit_step[0;34m(A0, z, f, dt, beta2, beta3, gamma)[0m
[1;32m    117[0m         [0mAtemp_f[0m [0;34m=[0m [0mdt[0m [0;34m*[0m [0mnp[0m[0;34m.[0m[0mexp[0m[0;34m([0m[0;34m-[0m[0;36m1j[0m[0;34m/[0m[0;36m4[0m[0;34m*[0m[0mbeta2[0m[0;34m*[0m[0;34m([0m[0;36m2[0m[0;34m*[0m[0mnp[0m[0;34m.[0m[0mpi[0m[0;34m*[0m[0mf[0m[0;34m)[0m[0;34m**[0m[0;36m2[0m[0;34m*[0m[0mdz[0m [0;34m+[0m [0;36m1j[0m[0;34m/[0m[0;36m12[0m[0;34m*[0m[0mbeta3[0m[0;34m*[0m[0;34m([0m[0;36m2[0m[0;34m*[0m[0mnp[0m[0;34m.[0m[0mpi[0m[0;34m*[0m[0mf[0m[0;34m)[0m[0;34m**[0m[0;36m3[0m[0;34m*[0m[0mdz[0m[0;34m)[0m[0;34m*[0m[0;31m\[0m[0;34m[0m[0;34m[0m[0m
[1;32m    118[0m         np.fft.fft( np.exp(-1j*gamma*np.abs(A[co-1, :])**2*dz)*\
[0;32m--> 119[0;31m         np.fft.ifft( np.exp(-1j/4*beta2*(2*np.pi*f)**2*dz + 1j/12*beta3*(2*np.pi*f)**3*dz)*\
[0m[1;32m    120[0m         np.fft.fft( A[co-1, :] ) ) );
[1;32m    121[0m [0;34m[0m[0m

[0;31mKeyboardInterrupt[0m: 
KeyboardInterrupt: 

